TN:
SF:/Users/camwest/src/orion-ui/orion/packages/components/src/2016-12-01/button-state.js
FN:17,getInitialState
FN:17,enterHover
FN:17,leaveHover
FN:17,enterDisabled
FN:17,leaveDisabled
FN:17,focus
FN:17,blur
FNF:7
FNH:7
FNDA:2,getInitialState
FNDA:1,enterHover
FNDA:1,leaveHover
FNDA:1,enterDisabled
FNDA:1,leaveDisabled
FNDA:1,focus
FNDA:1,blur
DA:17,1
DA:18,2
DA:19,2
DA:28,1
DA:31,1
DA:35,1
DA:38,1
DA:42,1
DA:45,1
DA:49,1
LF:10
LH:10
BRDA:18,0,0,1
BRDA:18,0,1,1
BRDA:18,1,0,2
BRDA:18,1,1,1
BRF:4
BRH:4
end_of_record
TN:
SF:/Users/camwest/src/orion-ui/orion/packages/components/src/2016-12-01/select-state.js
FN:17,getInitialState
FN:17,toggleOpen
FN:17,activated
FN:17,optionFocused
FN:46,(anonymous_4)
FN:17,optionSelected
FN:61,(anonymous_6)
FN:17,deactivated
FN:17,focusPrevious
FN:98,(anonymous_9)
FN:17,focusNext
FN:126,(anonymous_11)
FN:17,_nextFocusableKey
FN:143,(anonymous_13)
FN:17,_firstFocusableKey
FN:155,(anonymous_15)
FN:17,focus
FN:17,blur
FN:17,filter
FN:17,filteredOptions
FN:190,(anonymous_20)
FN:17,clearSelection
FNF:22
FNH:21
FNDA:2,getInitialState
FNDA:0,toggleOpen
FNDA:6,activated
FNDA:2,optionFocused
FNDA:4,(anonymous_4)
FNDA:2,optionSelected
FNDA:3,(anonymous_6)
FNDA:1,deactivated
FNDA:4,focusPrevious
FNDA:4,(anonymous_9)
FNDA:5,focusNext
FNDA:4,(anonymous_11)
FNDA:6,_nextFocusableKey
FNDA:14,(anonymous_13)
FNDA:5,_firstFocusableKey
FNDA:5,(anonymous_15)
FNDA:1,focus
FNDA:3,blur
FNDA:2,filter
FNDA:10,filteredOptions
FNDA:30,(anonymous_20)
FNDA:1,clearSelection
DA:17,1
DA:19,2
DA:26,0
DA:27,0
DA:29,0
DA:33,6
DA:34,6
DA:35,5
DA:38,6
DA:46,4
DA:47,2
DA:48,1
DA:51,2
DA:58,2
DA:59,2
DA:61,3
DA:62,2
DA:63,2
DA:65,2
DA:75,1
DA:84,4
DA:86,3
DA:88,3
DA:89,0
DA:95,3
DA:99,4
DA:100,4
DA:101,4
DA:105,3
DA:112,5
DA:114,3
DA:116,3
DA:117,0
DA:123,3
DA:127,4
DA:128,4
DA:129,2
DA:131,4
DA:135,3
DA:142,6
DA:143,14
DA:144,6
DA:145,6
DA:146,8
DA:147,8
DA:148,8
DA:150,0
DA:154,5
DA:155,5
DA:156,5
DA:157,5
DA:158,5
DA:162,1
DA:169,3
DA:178,2
DA:186,10
DA:187,10
DA:188,10
DA:189,10
DA:190,30
DA:191,10
DA:195,1
DA:203,1
LF:63
LH:57
BRDA:26,0,0,0
BRDA:26,0,1,0
BRDA:34,1,0,5
BRDA:34,1,1,1
BRDA:47,2,0,1
BRDA:47,2,1,1
BRDA:59,3,0,1
BRDA:59,3,1,1
BRDA:63,4,0,2
BRDA:63,4,1,0
BRDA:84,5,0,1
BRDA:84,5,1,3
BRDA:88,6,0,0
BRDA:88,6,1,3
BRDA:100,7,0,1
BRDA:100,7,1,3
BRDA:112,8,0,2
BRDA:112,8,1,3
BRDA:116,9,0,0
BRDA:116,9,1,3
BRDA:128,10,0,2
BRDA:128,10,1,2
BRDA:142,11,0,0
BRDA:142,11,1,6
BRDA:148,12,0,6
BRDA:148,12,1,2
BRDA:154,13,0,1
BRDA:154,13,1,4
BRDA:157,14,0,4
BRDA:157,14,1,1
BRDA:186,15,0,10
BRDA:186,15,1,8
BRDA:188,16,0,0
BRDA:188,16,1,10
BRF:34
BRH:27
end_of_record
TN:
SF:/Users/camwest/src/orion-ui/orion/packages/components/src/2016-12-01/datepicker/datepicker-state.js
FN:23,getInitialState
FN:42,isEnabled
FN:23,enterDisabled
FN:23,leaveDisabled
FN:23,enterFocused
FN:23,leaveFocused
FN:23,_findEnabledDate
FN:23,selectDate
FN:23,dateCleared
FN:23,setCurrentDate
FN:23,focusNextDay
FN:23,focusPreviousDay
FN:23,focusNextWeek
FN:23,focusPreviousWeek
FN:23,setFocusDate
FN:23,focusNextMonth
FN:23,focusPreviousMonth
FN:23,selectFocusDate
FNF:18
FNH:17
FNDA:5,getInitialState
FNDA:3,isEnabled
FNDA:1,enterDisabled
FNDA:1,leaveDisabled
FNDA:3,enterFocused
FNDA:2,leaveFocused
FNDA:113,_findEnabledDate
FNDA:10,selectDate
FNDA:0,dateCleared
FNDA:1,setCurrentDate
FNDA:1,focusNextDay
FNDA:2,focusPreviousDay
FNDA:1,focusNextWeek
FNDA:1,focusPreviousWeek
FNDA:13,setFocusDate
FNDA:1,focusNextMonth
FNDA:1,focusPreviousMonth
FNDA:3,selectFocusDate
DA:21,1
DA:23,1
DA:26,5
DA:27,5
DA:43,3
DA:48,5
DA:52,1
DA:56,1
DA:60,3
DA:61,1
DA:64,2
DA:68,2
DA:71,226
DA:72,113
DA:73,113
DA:74,3
DA:77,110
DA:78,10
DA:81,100
DA:83,99
DA:84,99
DA:86,1
DA:87,1
DA:89,0
DA:92,100
DA:96,10
DA:97,2
DA:100,8
DA:101,8
DA:102,6
DA:110,2
DA:114,0
DA:118,1
DA:122,1
DA:126,2
DA:130,1
DA:134,1
DA:137,13
DA:138,13
DA:139,8
DA:142,5
DA:143,5
DA:144,4
DA:147,1
DA:151,1
DA:155,1
DA:159,3
DA:160,2
DA:164,1
LF:49
LH:47
BRDA:26,0,0,1
BRDA:26,0,1,4
BRDA:26,1,0,5
BRDA:26,1,1,1
BRDA:60,2,0,1
BRDA:60,2,1,2
BRDA:71,3,0,105
BRDA:71,3,1,8
BRDA:71,4,0,113
BRDA:71,4,1,105
BRDA:71,5,0,100
BRDA:71,5,1,13
BRDA:71,6,0,113
BRDA:71,6,1,100
BRDA:73,7,0,3
BRDA:73,7,1,110
BRDA:77,8,0,10
BRDA:77,8,1,100
BRDA:82,9,0,99
BRDA:82,9,1,1
BRDA:82,9,2,0
BRDA:96,10,0,2
BRDA:96,10,1,8
BRDA:101,11,0,6
BRDA:101,11,1,2
BRDA:137,12,0,8
BRDA:137,12,1,5
BRDA:137,13,0,13
BRDA:137,13,1,8
BRDA:138,14,0,8
BRDA:138,14,1,5
BRDA:143,15,0,4
BRDA:143,15,1,1
BRDA:159,16,0,1
BRDA:159,16,1,2
BRF:35
BRH:34
end_of_record
TN:
SF:/Users/camwest/src/orion-ui/orion/packages/components/src/utils/event-key.js
FN:28,match
FN:32,eventKey
FN:33,(anonymous_2)
FNF:3
FNH:3
FNDA:20,match
FNDA:4,eventKey
FNDA:20,(anonymous_2)
DA:17,1
DA:29,20
DA:32,1
DA:33,4
DA:34,20
DA:37,4
DA:38,3
LF:7
LH:7
BRDA:29,0,0,20
BRDA:29,0,1,18
BRDA:37,1,0,1
BRDA:37,1,1,3
BRF:4
BRH:4
end_of_record
TN:
SF:/Users/camwest/src/orion-ui/orion/packages/components/src/utils/format-moment.js
FN:17,formatMoment
FNF:1
FNH:1
FNDA:4,formatMoment
DA:17,1
DA:18,4
DA:19,1
DA:22,3
DA:23,1
DA:26,2
LF:6
LH:6
BRDA:18,0,0,1
BRDA:18,0,1,3
BRDA:22,1,0,1
BRDA:22,1,1,2
BRF:4
BRH:4
end_of_record
TN:
SF:/Users/camwest/src/orion-ui/orion/packages/components/src/utils/render-queue.js
FN:20,RenderQueue
FN:45,(anonymous_8)
FNF:2
FNH:2
FNDA:6,RenderQueue
FNDA:10,(anonymous_8)
DA:17,1
DA:20,6
DA:21,6
DA:22,1
DA:25,6
DA:26,6
DA:27,6
DA:29,6
DA:33,14
DA:34,14
DA:36,8
DA:37,8
DA:41,14
DA:42,14
DA:43,14
DA:45,14
DA:46,10
DA:51,6
DA:52,7
DA:57,1
LF:20
LH:20
BRDA:21,0,0,1
BRDA:21,0,1,5
BRDA:34,1,0,6
BRDA:34,1,1,8
BRF:4
BRH:4
end_of_record
TN:
SF:/Users/camwest/src/orion-ui/orion/packages/components/src/utils/scroll-into-view.js
FN:17,scrollIntoView
FNF:1
FNH:1
FNDA:4,scrollIntoView
DA:17,1
DA:18,4
DA:19,4
DA:21,3
DA:22,3
DA:23,3
DA:24,1
DA:25,1
DA:28,2
DA:29,2
DA:30,2
DA:31,0
LF:12
LH:11
BRDA:19,0,0,1
BRDA:19,0,1,3
BRDA:23,1,0,1
BRDA:23,1,1,2
BRDA:30,2,0,0
BRDA:30,2,1,2
BRF:6
BRH:5
end_of_record
